Bannerslider/build/intermediates/manifest_merge_blame_file/debug/processDebugManifest/manifest-merger-blame-debug-report.txt
1<?xml version="1.0" encoding="utf-8"?>
2<manifest xmlns:android="http://schemas.android.com/apk/res/android"
3    package="ss.com.bannerslider" >
4
5    <uses-sdk android:minSdkVersion="21" />
6
7    <application android:label="@string/app_name" />
7-->src\main\AndroidManifest.xml:3:5-53
7-->src\main\AndroidManifest.xml:3:19-51
8
9</manifest>